<?xml version="1.0" encoding="UTF-8"?>
<coverage generated="1703896267454" clover="3.2.0">
  <project timestamp="1703896267454" name="All files">
    <metrics statements="16" coveredstatements="16" conditionals="4" coveredconditionals="2" methods="0" coveredmethods="0" elements="20" coveredelements="18" complexity="0" loc="16" ncloc="16" packages="1" files="1" classes="1"/>
    <file name="config.js" path="/Users/matthewbaer/Desktop/SB_BOOT/Capstone-2-Baer/backend/config.js">
      <metrics statements="16" coveredstatements="16" conditionals="4" coveredconditionals="2" methods="0" coveredmethods="0"/>
      <line num="3" count="1" type="stmt"/>
      <line num="4" count="1" type="stmt"/>
      <line num="6" count="1" type="cond" truecount="1" falsecount="1"/>
      <line num="7" count="1" type="cond" truecount="1" falsecount="1"/>
      <line num="10" count="1" type="stmt"/>
      <line num="14" count="1" type="stmt"/>
      <line num="15" count="1" type="stmt"/>
      <line num="18" count="1" type="stmt"/>
      <line num="19" count="1" type="stmt"/>
      <line num="25" count="1" type="stmt"/>
      <line num="29" count="1" type="stmt"/>
      <line num="30" count="1" type="stmt"/>
      <line num="31" count="1" type="stmt"/>
      <line num="32" count="1" type="stmt"/>
      <line num="33" count="1" type="stmt"/>
      <line num="36" count="1" type="stmt"/>
    </file>
  </project>
</coverage>
