{"/Users/matthewbaer/Desktop/SB_BOOT/Capstone-2-Baer/backend/config.js": {"path":"/Users/matthewbaer/Desktop/SB_BOOT/Capstone-2-Baer/backend/config.js","statementMap":{"0":{"start":{"line":3,"column":0},"end":{"line":3,"column":27}},"1":{"start":{"line":4,"column":0},"end":{"line":4,"column":18}},"2":{"start":{"line":6,"column":19},"end":{"line":6,"column":57}},"3":{"start":{"line":7,"column":13},"end":{"line":7,"column":38}},"4":{"start":{"line":10,"column":23},"end":{"line":10,"column":49}},"5":{"start":{"line":14,"column":21},"end":{"line":14,"column":86}},"6":{"start":{"line":15,"column":20},"end":{"line":15,"column":53}},"7":{"start":{"line":18,"column":19},"end":{"line":18,"column":64}},"8":{"start":{"line":19,"column":0},"end":{"line":19,"column":36}},"9":{"start":{"line":25,"column":14},"end":{"line":25,"column":42}},"10":{"start":{"line":29,"column":0},"end":{"line":29,"column":28}},"11":{"start":{"line":30,"column":0},"end":{"line":30,"column":44}},"12":{"start":{"line":31,"column":0},"end":{"line":31,"column":53}},"13":{"start":{"line":32,"column":0},"end":{"line":32,"column":45}},"14":{"start":{"line":33,"column":0},"end":{"line":33,"column":19}},"15":{"start":{"line":36,"column":0},"end":{"line":42,"column":1}}},"fnMap":{},"branchMap":{"0":{"loc":{"start":{"line":6,"column":19},"end":{"line":6,"column":57}},"type":"binary-expr","locations":[{"start":{"line":6,"column":19},"end":{"line":6,"column":41}},{"start":{"line":6,"column":45},"end":{"line":6,"column":57}}],"line":6},"1":{"loc":{"start":{"line":7,"column":13},"end":{"line":7,"column":38}},"type":"binary-expr","locations":[{"start":{"line":7,"column":13},"end":{"line":7,"column":30}},{"start":{"line":7,"column":34},"end":{"line":7,"column":38}}],"line":7}},"s":{"0":1,"1":1,"2":1,"3":1,"4":1,"5":1,"6":1,"7":1,"8":1,"9":1,"10":1,"11":1,"12":1,"13":1,"14":1,"15":1},"f":{},"b":{"0":[1,0],"1":[1,0]},"_coverageSchema":"1a1c01bbd47fc00a2c39e90264f33305004495a9","hash":"eb718a80a862f8d84662c904ef14b84832445d9e"}
}
